WARNING: An illegal reflective access operation has occurred
WARNING: Illegal reflective access by io.netty.util.internal.ReflectionUtil (file:/home/pop/.cache/firebase/emulators/firebase-database-emulator-v4.10.0.jar) to field sun.nio.ch.SelectorImpl.selectedKeys
WARNING: Please consider reporting this to the maintainers of io.netty.util.internal.ReflectionUtil
WARNING: Use --illegal-access=warn to enable warnings of further illegal reflective access operations
WARNING: All illegal access operations will be denied in a future release
10:58:55.136 [NamespaceSystem-akka.actor.default-dispatcher-4] INFO akka.event.slf4j.Slf4jLogger - Slf4jLogger started
10:58:55.330 [main] INFO com.firebase.server.forge.App$ - Listening at 127.0.0.1:9000
10:58:55.812 [NamespaceSystem-akka.actor.default-dispatcher-4] INFO com.firebase.core.namespace.NamespaceActor - link-to-the-past-a5042-default-rtdb successfully activated FBKV (SurveyIdle(0)) wait: 173ms, init: 0ms
10:59:02.166 [NamespaceSystem-blocking-namespace-operation-dispatcher-7] INFO com.firebase.core.namespace.StateManager - Namespace link-to-the-past-a5042-default-rtdb status Active to Active
11:32:41.485 [FirebaseWorkerPool-1-4] WARN com.firebase.core.persistence.backend.dummy.EmulatorMetadataPersistence - Multiple projectIds are not recommended in single project mode. Requested 
namespace link-to-the-past-a5042, but the emulator is configured for link-to-the-past-a5042-default-rtdb. To 
opt-out of single project mode add/set the single_project_mode: false property in 
the firebase.json emulators config. 
11:32:41.490 [NamespaceSystem-akka.actor.default-dispatcher-59] INFO com.firebase.core.namespace.NamespaceActor - link-to-the-past-a5042 successfully activated FBKV (SurveyIdle(0)) wait: 2ms, init: 0ms
18:05:31.359 [Thread-0] INFO com.firebase.server.forge.App$ - Attempting graceful shutdown.
18:05:31.368 [NamespaceSystem-akka.actor.default-dispatcher-255] INFO com.firebase.core.namespace.Terminator$Terminator - 2 actors left to terminate: link-to-the-past-a5042, link-to-the-past-a5042-default-rtdb
18:05:31.377 [NamespaceSystem-akka.actor.default-dispatcher-267] INFO com.firebase.core.namespace.NamespaceActor - stopped namespace actor for link-to-the-past-a5042
18:05:31.377 [NamespaceSystem-akka.actor.default-dispatcher-268] INFO com.firebase.core.namespace.NamespaceActor - stopped namespace actor for link-to-the-past-a5042-default-rtdb
18:05:31.383 [NamespaceSystem-akka.actor.default-dispatcher-269] INFO com.firebase.core.namespace.DeadLetterResponder - Message ClientManagementEnvelope(CloseClient,Websockets) meant for NamespaceActor (akka://NamespaceSystem/user/link-to-the-past-a5042-default-rtdb) went to deadletter actor
18:05:31.384 [NamespaceSystem-akka.actor.default-dispatcher-269] INFO com.firebase.core.namespace.DeadLetterResponder - Message TooManyRequestsWithDelay(1 minute) meant for other actor (akka://NamespaceSystem/user/link-to-the-past-a5042-default-rtdb/$Q) went to deadletter actor
18:05:31.385 [Thread-0] INFO com.firebase.server.forge.App$ - Graceful shutdown complete.
