[debug] [2022-09-28T17:31:36.668Z] ----------------------------------------------------------------------
[debug] [2022-09-28T17:31:36.671Z] Command:       /usr/bin/node /home/pop/.yarn/bin/firebase emulators:start --import=./dir --export-on-exit
[debug] [2022-09-28T17:31:36.671Z] CLI Version:   11.9.0
[debug] [2022-09-28T17:31:36.672Z] Platform:      linux
[debug] [2022-09-28T17:31:36.672Z] Node Version:  v16.17.1
[debug] [2022-09-28T17:31:36.675Z] Time:          Wed Sep 28 2022 07:31:36 GMT-1000 (Hawaii-Aleutian Standard Time)
[debug] [2022-09-28T17:31:36.675Z] ----------------------------------------------------------------------
[debug] 
[debug] [2022-09-28T17:31:36.679Z] >>> [apiv2][query] GET https://firebase-public.firebaseio.com/cli.json [none]
[debug] [2022-09-28T17:31:36.768Z] > command requires scopes: ["email","openid","https://www.googleapis.com/auth/cloudplatformprojects.readonly","https://www.googleapis.com/auth/firebase","https://www.googleapis.com/auth/cloud-platform"]
[debug] [2022-09-28T17:31:36.768Z] > authorizing via signed-in user (colburn.lee@gmail.com)
[debug] [2022-09-28T17:31:36.930Z] openjdk version "11.0.16" 2022-07-19

[debug] [2022-09-28T17:31:36.932Z] OpenJDK Runtime Environment (build 11.0.16+8-post-Ubuntu-0ubuntu122.04)
OpenJDK 64-Bit Server VM (build 11.0.16+8-post-Ubuntu-0ubuntu122.04, mixed mode, sharing)

[debug] [2022-09-28T17:31:36.939Z] Parsed Java major version: 11
[info] i  emulators: Starting emulators: functions, firestore, database, hosting, storage {"metadata":{"emulator":{"name":"hub"},"message":"Starting emulators: functions, firestore, database, hosting, storage"}}
[debug] [2022-09-28T17:31:36.960Z] [hub] writing locator at /tmp/hub-link-to-the-past-a5042.json
[warn] ⚠  functions: The following emulators are not running, calls to these services from the Functions emulator will affect production: auth, pubsub, eventarc {"metadata":{"emulator":{"name":"functions"},"message":"The following emulators are not running, calls to these services from the Functions emulator will affect production: \u001b[1mauth, pubsub, eventarc\u001b[22m"}}
[info] ✔  functions: Using node@16 from host. {"metadata":{"emulator":{"name":"functions"},"message":"Using node@16 from host."}}
[debug] [2022-09-28T17:31:36.996Z] defaultcredentials: writing to file /home/pop/.config/firebase/colburn_lee_gmail.com_application_default_credentials.json
[debug] [2022-09-28T17:31:36.999Z] Setting GAC to /home/pop/.config/firebase/colburn_lee_gmail.com_application_default_credentials.json {"metadata":{"emulator":{"name":"functions"},"message":"Setting GAC to /home/pop/.config/firebase/colburn_lee_gmail.com_application_default_credentials.json"}}
[debug] [2022-09-28T17:31:37.002Z] > refreshing access token with scopes: []
[debug] [2022-09-28T17:31:37.004Z] >>> [apiv2][query] POST https://www.googleapis.com/oauth2/v3/token [none]
[debug] [2022-09-28T17:31:37.004Z] >>> [apiv2][body] POST https://www.googleapis.com/oauth2/v3/token [omitted]
[debug] [2022-09-28T17:31:37.134Z] <<< [apiv2][status] GET https://firebase-public.firebaseio.com/cli.json 200
[debug] [2022-09-28T17:31:37.134Z] <<< [apiv2][body] GET https://firebase-public.firebaseio.com/cli.json {"cloudBuildErrorAfter":1594252800000,"cloudBuildWarnAfter":1590019200000,"defaultNode10After":1594252800000,"minVersion":"3.0.5","node8DeploysDisabledAfter":1613390400000,"node8RuntimeDisabledAfter":1615809600000,"node8WarnAfter":1600128000000}
[debug] [2022-09-28T17:31:37.360Z] <<< [apiv2][status] POST https://www.googleapis.com/oauth2/v3/token 200
[debug] [2022-09-28T17:31:37.360Z] <<< [apiv2][body] POST https://www.googleapis.com/oauth2/v3/token [omitted]
[debug] [2022-09-28T17:31:37.378Z] >>> [apiv2][query] GET https://firebase.googleapis.com/v1beta1/projects/link-to-the-past-a5042/adminSdkConfig [none]
[debug] [2022-09-28T17:31:38.160Z] <<< [apiv2][status] GET https://firebase.googleapis.com/v1beta1/projects/link-to-the-past-a5042/adminSdkConfig 200
[debug] [2022-09-28T17:31:38.161Z] <<< [apiv2][body] GET https://firebase.googleapis.com/v1beta1/projects/link-to-the-past-a5042/adminSdkConfig {"projectId":"link-to-the-past-a5042","databaseURL":"https://link-to-the-past-a5042-default-rtdb.firebaseio.com","storageBucket":"link-to-the-past-a5042.appspot.com","locationId":"us-central"}
[info] i  firestore: Importing data from /home/pop/Documents/projects/vanillalinksite/dir/firestore_export/firestore_export.overall_export_metadata {"metadata":{"emulator":{"name":"firestore"},"message":"Importing data from /home/pop/Documents/projects/vanillalinksite/dir/firestore_export/firestore_export.overall_export_metadata"}}
[warn] ⚠  firestore: Did not find a Cloud Firestore rules file specified in a firebase.json config file. {"metadata":{"emulator":{"name":"firestore"},"message":"Did not find a Cloud Firestore rules file specified in a firebase.json config file."}}
[warn] ⚠  firestore: The emulator will default to allowing all reads and writes. Learn more about this option: https://firebase.google.com/docs/emulator-suite/install_and_configure#security_rules_configuration. {"metadata":{"emulator":{"name":"firestore"},"message":"The emulator will default to allowing all reads and writes. Learn more about this option: https://firebase.google.com/docs/emulator-suite/install_and_configure#security_rules_configuration."}}
[debug] [2022-09-28T17:31:38.563Z] Ignoring unsupported arg: projectId {"metadata":{"emulator":{"name":"firestore"},"message":"Ignoring unsupported arg: projectId"}}
[debug] [2022-09-28T17:31:38.563Z] Ignoring unsupported arg: auto_download {"metadata":{"emulator":{"name":"firestore"},"message":"Ignoring unsupported arg: auto_download"}}
[debug] [2022-09-28T17:31:38.563Z] Starting Firestore Emulator with command {"binary":"java","args":["-Dgoogle.cloud_firestore.debug_log_level=FINE","-Duser.language=en","-jar","/home/pop/.cache/firebase/emulators/cloud-firestore-emulator-v1.14.4.jar","--host","localhost","--port",8080,"--seed_from_export","/home/pop/Documents/projects/vanillalinksite/dir/firestore_export/firestore_export.overall_export_metadata","--functions_emulator","localhost:5001"],"optionalArgs":["port","webchannel_port","host","rules","functions_emulator","seed_from_export"],"joinArgs":false} {"metadata":{"emulator":{"name":"firestore"},"message":"Starting Firestore Emulator with command {\"binary\":\"java\",\"args\":[\"-Dgoogle.cloud_firestore.debug_log_level=FINE\",\"-Duser.language=en\",\"-jar\",\"/home/pop/.cache/firebase/emulators/cloud-firestore-emulator-v1.14.4.jar\",\"--host\",\"localhost\",\"--port\",8080,\"--seed_from_export\",\"/home/pop/Documents/projects/vanillalinksite/dir/firestore_export/firestore_export.overall_export_metadata\",\"--functions_emulator\",\"localhost:5001\"],\"optionalArgs\":[\"port\",\"webchannel_port\",\"host\",\"rules\",\"functions_emulator\",\"seed_from_export\"],\"joinArgs\":false}"}}
[info] i  firestore: Firestore Emulator logging to firestore-debug.log {"metadata":{"emulator":{"name":"firestore"},"message":"Firestore Emulator logging to \u001b[1mfirestore-debug.log\u001b[22m"}}
[debug] [2022-09-28T17:31:40.290Z] Sep 28, 2022 7:31:40 AM com.google.cloud.datastore.emulator.firestore.websocket.WebSocketServer start
INFO: Started WebSocket server on ws://localhost:36049
 {"metadata":{"emulator":{"name":"firestore"},"message":"Sep 28, 2022 7:31:40 AM com.google.cloud.datastore.emulator.firestore.websocket.WebSocketServer start\nINFO: Started WebSocket server on ws://localhost:36049\n"}}
[debug] [2022-09-28T17:31:40.319Z] API endpoint: http://localhost:8080 {"metadata":{"emulator":{"name":"firestore"},"message":"API endpoint: http://localhost:8080"}}
[debug] [2022-09-28T17:31:40.320Z] 
If you are using a library that supports the FIRESTORE_EMULATOR_HOST environment variable, run:

   export FIRESTORE_EMULATOR_HOST=localhost:8080

Dev App Server is now running.

 {"metadata":{"emulator":{"name":"firestore"},"message":"\nIf you are using a library that supports the FIRESTORE_EMULATOR_HOST environment variable, run:\n\n   export FIRESTORE_EMULATOR_HOST=localhost:8080\n\nDev App Server is now running.\n\n"}}
[debug] [2022-09-28T17:31:40.352Z] >>> [apiv2][query] GET https://firebase.googleapis.com/v1beta1/projects/link-to-the-past-a5042 [none]
[debug] [2022-09-28T17:31:40.739Z] <<< [apiv2][status] GET https://firebase.googleapis.com/v1beta1/projects/link-to-the-past-a5042 200
[debug] [2022-09-28T17:31:40.739Z] <<< [apiv2][body] GET https://firebase.googleapis.com/v1beta1/projects/link-to-the-past-a5042 {"projectId":"link-to-the-past-a5042","projectNumber":"1050404766506","displayName":"Link to the Past","name":"projects/link-to-the-past-a5042","resources":{"hostingSite":"link-to-the-past-a5042","realtimeDatabaseInstance":"link-to-the-past-a5042-default-rtdb","storageBucket":"link-to-the-past-a5042.appspot.com","locationId":"us-central"},"state":"ACTIVE","etag":"1_31eaaeae-22a7-4a26-a6de-5146cbea2037"}
[debug] [2022-09-28T17:31:40.740Z] database rules config:  []
[warn] ⚠  database: Did not find a Realtime Database rules file specified in a firebase.json config file. The emulator will default to allowing all reads and writes. Learn more about this option: https://firebase.google.com/docs/emulator-suite/install_and_configure#security_rules_configuration. {"metadata":{"emulator":{"name":"database"},"message":"Did not find a Realtime Database rules file specified in a firebase.json config file. The emulator will default to allowing all reads and writes. Learn more about this option: https://firebase.google.com/docs/emulator-suite/install_and_configure#security_rules_configuration."}}
[debug] [2022-09-28T17:31:40.746Z] Ignoring unsupported arg: projectId {"metadata":{"emulator":{"name":"database"},"message":"Ignoring unsupported arg: projectId"}}
[debug] [2022-09-28T17:31:40.746Z] Ignoring unsupported arg: auto_download {"metadata":{"emulator":{"name":"database"},"message":"Ignoring unsupported arg: auto_download"}}
[debug] [2022-09-28T17:31:40.746Z] Ignoring unsupported arg: rules {"metadata":{"emulator":{"name":"database"},"message":"Ignoring unsupported arg: rules"}}
[debug] [2022-09-28T17:31:40.746Z] Starting Database Emulator with command {"binary":"java","args":["-Duser.language=en","-jar","/home/pop/.cache/firebase/emulators/firebase-database-emulator-v4.8.0.jar","--host","localhost","--port",9000,"--functions_emulator_host","localhost","--functions_emulator_port",5001],"optionalArgs":["port","host","functions_emulator_port","functions_emulator_host"],"joinArgs":false} {"metadata":{"emulator":{"name":"database"},"message":"Starting Database Emulator with command {\"binary\":\"java\",\"args\":[\"-Duser.language=en\",\"-jar\",\"/home/pop/.cache/firebase/emulators/firebase-database-emulator-v4.8.0.jar\",\"--host\",\"localhost\",\"--port\",9000,\"--functions_emulator_host\",\"localhost\",\"--functions_emulator_port\",5001],\"optionalArgs\":[\"port\",\"host\",\"functions_emulator_port\",\"functions_emulator_host\"],\"joinArgs\":false}"}}
[info] i  database: Database Emulator logging to database-debug.log {"metadata":{"emulator":{"name":"database"},"message":"Database Emulator logging to \u001b[1mdatabase-debug.log\u001b[22m"}}
[debug] [2022-09-28T17:31:41.690Z] WARNING: An illegal reflective access operation has occurred
WARNING: Illegal reflective access by io.netty.util.internal.ReflectionUtil (file:/home/pop/.cache/firebase/emulators/firebase-database-emulator-v4.8.0.jar) to field sun.nio.ch.SelectorImpl.selectedKeys
WARNING: Please consider reporting this to the maintainers of io.netty.util.internal.ReflectionUtil
WARNING: Use --illegal-access=warn to enable warnings of further illegal reflective access operations
WARNING: All illegal access operations will be denied in a future release
 {"metadata":{"emulator":{"name":"database"},"message":"WARNING: An illegal reflective access operation has occurred\nWARNING: Illegal reflective access by io.netty.util.internal.ReflectionUtil (file:/home/pop/.cache/firebase/emulators/firebase-database-emulator-v4.8.0.jar) to field sun.nio.ch.SelectorImpl.selectedKeys\nWARNING: Please consider reporting this to the maintainers of io.netty.util.internal.ReflectionUtil\nWARNING: Use --illegal-access=warn to enable warnings of further illegal reflective access operations\nWARNING: All illegal access operations will be denied in a future release\n"}}
[debug] [2022-09-28T17:31:42.596Z] 07:31:42.594 [NamespaceSystem-akka.actor.default-dispatcher-4] INFO akka.event.slf4j.Slf4jLogger - Slf4jLogger started
 {"metadata":{"emulator":{"name":"database"},"message":"07:31:42.594 [NamespaceSystem-akka.actor.default-dispatcher-4] INFO akka.event.slf4j.Slf4jLogger - Slf4jLogger started\n"}}
[debug] [2022-09-28T17:31:42.853Z] 07:31:42.852 [main] INFO com.firebase.server.forge.App$ - Listening at localhost:9000
 {"metadata":{"emulator":{"name":"database"},"message":"07:31:42.852 [main] INFO com.firebase.server.forge.App$ - Listening at localhost:9000\n"}}
[info] i  database: Importing data from /home/pop/Documents/projects/vanillalinksite/dir/database_export/link-to-the-past-a5042-default-rtdb.json {"metadata":{"emulator":{"name":"database"},"message":"Importing data from /home/pop/Documents/projects/vanillalinksite/dir/database_export/link-to-the-past-a5042-default-rtdb.json"}}
[debug] [2022-09-28T17:31:43.522Z] 07:31:43.521 [NamespaceSystem-akka.actor.default-dispatcher-5] INFO com.firebase.core.namespace.NamespaceActor - link-to-the-past-a5042-default-rtdb successfully activated FBKV (SurveyIdle(0)) wait: 212ms, init: 0ms
 {"metadata":{"emulator":{"name":"database"},"message":"07:31:43.521 [NamespaceSystem-akka.actor.default-dispatcher-5] INFO com.firebase.core.namespace.NamespaceActor - link-to-the-past-a5042-default-rtdb successfully activated FBKV (SurveyIdle(0)) wait: 212ms, init: 0ms\n"}}
[debug] [2022-09-28T17:31:45.819Z] Ignoring unsupported arg: port {"metadata":{"emulator":{"name":"storage"},"message":"Ignoring unsupported arg: port"}}
[debug] [2022-09-28T17:31:46.876Z] Temp file directory for storage emulator: /tmp/firebase/storage/blobs {"metadata":{"emulator":{"name":"storage"},"message":"Temp file directory for storage emulator: /tmp/firebase/storage/blobs"}}
[debug] [2022-09-28T17:31:47.123Z] >>> [apiv2][query] GET https://firebasehosting.googleapis.com/v1beta1/projects/link-to-the-past-a5042/sites 
[debug] [2022-09-28T17:31:48.071Z] <<< [apiv2][status] GET https://firebasehosting.googleapis.com/v1beta1/projects/link-to-the-past-a5042/sites 200
[debug] [2022-09-28T17:31:48.073Z] <<< [apiv2][body] GET https://firebasehosting.googleapis.com/v1beta1/projects/link-to-the-past-a5042/sites {"sites":[{"name":"projects/link-to-the-past-a5042/sites/link-to-the-past-a5042","defaultUrl":"https://link-to-the-past-a5042.web.app","appId":"1:1050404766506:web:20a98e41de038618205453","type":"DEFAULT_SITE"}]}
[debug] [2022-09-28T17:31:48.074Z] >>> [apiv2][query] GET https://firebase.googleapis.com/v1beta1/projects/link-to-the-past-a5042/webApps/1:1050404766506:web:20a98e41de038618205453/config [none]
[debug] [2022-09-28T17:31:48.993Z] <<< [apiv2][status] GET https://firebase.googleapis.com/v1beta1/projects/link-to-the-past-a5042/webApps/1:1050404766506:web:20a98e41de038618205453/config 200
[debug] [2022-09-28T17:31:48.993Z] <<< [apiv2][body] GET https://firebase.googleapis.com/v1beta1/projects/link-to-the-past-a5042/webApps/1:1050404766506:web:20a98e41de038618205453/config {"projectId":"link-to-the-past-a5042","appId":"1:1050404766506:web:20a98e41de038618205453","databaseURL":"https://link-to-the-past-a5042-default-rtdb.firebaseio.com","storageBucket":"link-to-the-past-a5042.appspot.com","locationId":"us-central","apiKey":"AIzaSyC4XdigZKyiQI0oAndOvKmyfbkq8HvVem4","authDomain":"link-to-the-past-a5042.firebaseapp.com","messagingSenderId":"1050404766506","measurementId":"G-G25SGGN1GY"}
[info] i  hosting: Serving hosting files from: build {"metadata":{"emulator":{"name":"hosting"},"message":"Serving hosting files from: \u001b[1mbuild\u001b[22m"}}
[info] ✔  hosting: Local server: http://localhost:5000 {"metadata":{"emulator":{"name":"hosting"},"message":"Local server: \u001b[4m\u001b[1mhttp://localhost:5000\u001b[22m\u001b[24m"}}
[debug] [2022-09-28T17:31:49.045Z] Ignoring unsupported arg: auto_download {"metadata":{"emulator":{"name":"ui"},"message":"Ignoring unsupported arg: auto_download"}}
[debug] [2022-09-28T17:31:49.045Z] Ignoring unsupported arg: port {"metadata":{"emulator":{"name":"ui"},"message":"Ignoring unsupported arg: port"}}
[debug] [2022-09-28T17:31:49.045Z] Starting Emulator UI with command {"binary":"node","args":["/home/pop/.cache/firebase/emulators/ui-v1.9.0/server/server.js"],"optionalArgs":[],"joinArgs":false} {"metadata":{"emulator":{"name":"ui"},"message":"Starting Emulator UI with command {\"binary\":\"node\",\"args\":[\"/home/pop/.cache/firebase/emulators/ui-v1.9.0/server/server.js\"],\"optionalArgs\":[],\"joinArgs\":false}"}}
[info] i  ui: Emulator UI logging to ui-debug.log {"metadata":{"emulator":{"name":"ui"},"message":"Emulator UI logging to \u001b[1mui-debug.log\u001b[22m"}}
[debug] [2022-09-28T17:31:49.229Z] Web / API server started at localhost:4000
 {"metadata":{"emulator":{"name":"ui"},"message":"Web / API server started at localhost:4000\n"}}
[info] i  functions: Watching "/home/pop/Documents/projects/vanillalinksite/functions" for Cloud Functions... {"metadata":{"emulator":{"name":"functions"},"message":"Watching \"/home/pop/Documents/projects/vanillalinksite/functions\" for Cloud Functions..."}}
[debug] [2022-09-28T17:31:49.330Z] Validating nodejs source
[warn] ⚠  functions: package.json indicates an outdated version of firebase-functions. Please upgrade using npm install --save firebase-functions@latest in your functions directory. 
[debug] [2022-09-28T17:31:51.385Z] > [functions] package.json contents: {
  "name": "functions",
  "description": "Cloud Functions for Firebase",
  "scripts": {
    "lint": "eslint .",
    "serve": "firebase emulators:start --only functions",
    "shell": "firebase functions:shell",
    "start": "npm run shell",
    "deploy": "firebase deploy --only functions",
    "logs": "firebase functions:log"
  },
  "engines": {
    "node": "16"
  },
  "main": "index.js",
  "dependencies": {
    "firebase-admin": "^10.0.2",
    "firebase-functions": "^3.18.0"
  },
  "devDependencies": {
    "eslint": "^8.9.0",
    "eslint-config-google": "^0.14.0",
    "firebase-functions-test": "^0.2.0"
  },
  "private": true
}
[debug] [2022-09-28T17:31:51.385Z] Building nodejs source
[debug] [2022-09-28T17:31:51.386Z] Analyzing nodejs backend spec
[debug] [2022-09-28T17:31:51.389Z] Could not find functions.yaml. Must use http discovery
[debug] [2022-09-28T17:31:51.628Z] Serving at port 9005

[debug] [2022-09-28T17:31:51.722Z] Got response from /__/functions.yaml {"endpoints":{"helloWorld":{"platform":"gcfv1","httpsTrigger":{},"entryPoint":"helloWorld"}},"specVersion":"v1alpha1","requiredAPIs":[]}
[debug] [2022-09-28T17:31:51.734Z] shutdown requested via /__/quitquitquit

[info] ✔  functions: Loaded functions definitions from source: helloWorld. {"metadata":{"emulator":{"name":"functions"},"message":"Loaded functions definitions from source: helloWorld."}}
[info] ✔  functions[us-central1-helloWorld]: http function initialized (http://localhost:5001/link-to-the-past-a5042/us-central1/helloWorld). {"metadata":{"emulator":{"name":"functions"},"message":"\u001b[1mhttp\u001b[22m function initialized (http://localhost:5001/link-to-the-past-a5042/us-central1/helloWorld)."}}
[info] 
┌─────────────────────────────────────────────────────────────┐
│ ✔  All emulators ready! It is now safe to connect your app. │
│ i  View Emulator UI at http://localhost:4000                │
└─────────────────────────────────────────────────────────────┘

┌───────────┬────────────────┬─────────────────────────────────┐
│ Emulator  │ Host:Port      │ View in Emulator UI             │
├───────────┼────────────────┼─────────────────────────────────┤
│ Functions │ localhost:5001 │ http://localhost:4000/functions │
├───────────┼────────────────┼─────────────────────────────────┤
│ Firestore │ localhost:8080 │ http://localhost:4000/firestore │
├───────────┼────────────────┼─────────────────────────────────┤
│ Database  │ localhost:9000 │ http://localhost:4000/database  │
├───────────┼────────────────┼─────────────────────────────────┤
│ Hosting   │ localhost:5000 │ n/a                             │
├───────────┼────────────────┼─────────────────────────────────┤
│ Storage   │ localhost:9199 │ http://localhost:4000/storage   │
└───────────┴────────────────┴─────────────────────────────────┘
  Emulator Hub running at localhost:4400
  Other reserved ports: 4500

Issues? Report them at https://github.com/firebase/firebase-tools/issues and attach the *-debug.log files.
 
[info] i  storage: Change detected, updating rules for Cloud Storage... {"metadata":{"emulator":{"name":"storage"},"message":"Change detected, updating rules for Cloud Storage..."}}
[warn] ⚠  Unexpected '{' in /home/pop/Documents/projects/vanillalinksite/storage.rules:8 {"metadata":{"emulator":{"name":"storage"},"message":"Unexpected '{' in /home/pop/Documents/projects/vanillalinksite/storage.rules:8"}}
[warn] ⚠  Unexpected '}' in /home/pop/Documents/projects/vanillalinksite/storage.rules:13 {"metadata":{"emulator":{"name":"storage"},"message":"Unexpected '}' in /home/pop/Documents/projects/vanillalinksite/storage.rules:13"}}
[info] i  storage: Change detected, updating rules for Cloud Storage... {"metadata":{"emulator":{"name":"storage"},"message":"Change detected, updating rules for Cloud Storage..."}}
[warn] ⚠  Unexpected ',' in /home/pop/Documents/projects/vanillalinksite/storage.rules:7 {"metadata":{"emulator":{"name":"storage"},"message":"Unexpected ',' in /home/pop/Documents/projects/vanillalinksite/storage.rules:7"}}
[warn] ⚠  Unexpected '}' in /home/pop/Documents/projects/vanillalinksite/storage.rules:13 {"metadata":{"emulator":{"name":"storage"},"message":"Unexpected '}' in /home/pop/Documents/projects/vanillalinksite/storage.rules:13"}}
[info] i  storage: Change detected, updating rules for Cloud Storage... {"metadata":{"emulator":{"name":"storage"},"message":"Change detected, updating rules for Cloud Storage..."}}
[warn] ⚠  Unexpected '{' in /home/pop/Documents/projects/vanillalinksite/storage.rules:10 {"metadata":{"emulator":{"name":"storage"},"message":"Unexpected '{' in /home/pop/Documents/projects/vanillalinksite/storage.rules:10"}}
[info] i  storage: Change detected, updating rules for Cloud Storage... {"metadata":{"emulator":{"name":"storage"},"message":"Change detected, updating rules for Cloud Storage..."}}
[warn] ⚠  Unexpected '{' in /home/pop/Documents/projects/vanillalinksite/storage.rules:9 {"metadata":{"emulator":{"name":"storage"},"message":"Unexpected '{' in /home/pop/Documents/projects/vanillalinksite/storage.rules:9"}}
[info] i  storage: Change detected, updating rules for Cloud Storage... {"metadata":{"emulator":{"name":"storage"},"message":"Change detected, updating rules for Cloud Storage..."}}
[warn] ⚠  Unexpected '{' in /home/pop/Documents/projects/vanillalinksite/storage.rules:9 {"metadata":{"emulator":{"name":"storage"},"message":"Unexpected '{' in /home/pop/Documents/projects/vanillalinksite/storage.rules:9"}}
[info] i  storage: Change detected, updating rules for Cloud Storage... {"metadata":{"emulator":{"name":"storage"},"message":"Change detected, updating rules for Cloud Storage..."}}
[warn] ⚠  Unexpected '}' in /home/pop/Documents/projects/vanillalinksite/storage.rules:10 {"metadata":{"emulator":{"name":"storage"},"message":"Unexpected '}' in /home/pop/Documents/projects/vanillalinksite/storage.rules:10"}}
[info] i  storage: Change detected, updating rules for Cloud Storage... {"metadata":{"emulator":{"name":"storage"},"message":"Change detected, updating rules for Cloud Storage..."}}
[warn] ⚠  Unexpected '}' in /home/pop/Documents/projects/vanillalinksite/storage.rules:9 {"metadata":{"emulator":{"name":"storage"},"message":"Unexpected '}' in /home/pop/Documents/projects/vanillalinksite/storage.rules:9"}}
[info] i  storage: Change detected, updating rules for Cloud Storage... {"metadata":{"emulator":{"name":"storage"},"message":"Change detected, updating rules for Cloud Storage..."}}
[warn] ⚠  Unexpected '}' in /home/pop/Documents/projects/vanillalinksite/storage.rules:9 {"metadata":{"emulator":{"name":"storage"},"message":"Unexpected '}' in /home/pop/Documents/projects/vanillalinksite/storage.rules:9"}}
[info] i  storage: Change detected, updating rules for Cloud Storage... {"metadata":{"emulator":{"name":"storage"},"message":"Change detected, updating rules for Cloud Storage..."}}
[info] i  storage: Change detected, updating rules for Cloud Storage... {"metadata":{"emulator":{"name":"storage"},"message":"Change detected, updating rules for Cloud Storage..."}}
[warn] ⚠  Unexpected '{' in /home/pop/Documents/projects/vanillalinksite/storage.rules:8 {"metadata":{"emulator":{"name":"storage"},"message":"Unexpected '{' in /home/pop/Documents/projects/vanillalinksite/storage.rules:8"}}
[warn] ⚠  Unexpected '}' in /home/pop/Documents/projects/vanillalinksite/storage.rules:13 {"metadata":{"emulator":{"name":"storage"},"message":"Unexpected '}' in /home/pop/Documents/projects/vanillalinksite/storage.rules:13"}}
[info] i  storage: Change detected, updating rules for Cloud Storage... {"metadata":{"emulator":{"name":"storage"},"message":"Change detected, updating rules for Cloud Storage..."}}
[warn] ⚠  Unexpected '{' in /home/pop/Documents/projects/vanillalinksite/storage.rules:9 {"metadata":{"emulator":{"name":"storage"},"message":"Unexpected '{' in /home/pop/Documents/projects/vanillalinksite/storage.rules:9"}}
[info] i  storage: Change detected, updating rules for Cloud Storage... {"metadata":{"emulator":{"name":"storage"},"message":"Change detected, updating rules for Cloud Storage..."}}
[warn] ⚠  Unexpected '{' in /home/pop/Documents/projects/vanillalinksite/storage.rules:8 {"metadata":{"emulator":{"name":"storage"},"message":"Unexpected '{' in /home/pop/Documents/projects/vanillalinksite/storage.rules:8"}}
[warn] ⚠  Unexpected '}' in /home/pop/Documents/projects/vanillalinksite/storage.rules:13 {"metadata":{"emulator":{"name":"storage"},"message":"Unexpected '}' in /home/pop/Documents/projects/vanillalinksite/storage.rules:13"}}
[info] i  storage: Change detected, updating rules for Cloud Storage... {"metadata":{"emulator":{"name":"storage"},"message":"Change detected, updating rules for Cloud Storage..."}}
[debug] [2022-09-28T22:15:05.786Z] Sep 28, 2022 12:15:05 PM io.gapi.emulators.netty.HttpVersionRoutingHandler channelRead
INFO: Detected non-HTTP/2 connection.
 {"metadata":{"emulator":{"name":"firestore"},"message":"Sep 28, 2022 12:15:05 PM io.gapi.emulators.netty.HttpVersionRoutingHandler channelRead\nINFO: Detected non-HTTP/2 connection.\n"}}
[debug] [2022-09-28T22:15:05.858Z] Sep 28, 2022 12:15:05 PM io.gapi.emulators.netty.HttpVersionRoutingHandler channelRead
INFO: Detected non-HTTP/2 connection.
 {"metadata":{"emulator":{"name":"firestore"},"message":"Sep 28, 2022 12:15:05 PM io.gapi.emulators.netty.HttpVersionRoutingHandler channelRead\nINFO: Detected non-HTTP/2 connection.\n"}}
[debug] [2022-09-28T22:15:05.975Z] Sep 28, 2022 12:15:05 PM io.gapi.emulators.netty.HttpVersionRoutingHandler channelRead
INFO: Detected non-HTTP/2 connection.
 {"metadata":{"emulator":{"name":"firestore"},"message":"Sep 28, 2022 12:15:05 PM io.gapi.emulators.netty.HttpVersionRoutingHandler channelRead\nINFO: Detected non-HTTP/2 connection.\n"}}
[debug] [2022-09-28T22:15:05.976Z] Sep 28, 2022 12:15:05 PM com.google.cloud.datastore.emulator.firestore.websocket.WebSocketChannelHandler initChannel
INFO: Connected to new websocket client
 {"metadata":{"emulator":{"name":"firestore"},"message":"Sep 28, 2022 12:15:05 PM com.google.cloud.datastore.emulator.firestore.websocket.WebSocketChannelHandler initChannel\nINFO: Connected to new websocket client\n"}}
[debug] [2022-09-28T22:15:06.007Z] Sep 28, 2022 12:15:06 PM io.gapi.emulators.netty.HttpVersionRoutingHandler channelRead
INFO: Detected non-HTTP/2 connection.
 {"metadata":{"emulator":{"name":"firestore"},"message":"Sep 28, 2022 12:15:06 PM io.gapi.emulators.netty.HttpVersionRoutingHandler channelRead\nINFO: Detected non-HTTP/2 connection.\n"}}
[debug] [2022-09-28T22:15:06.042Z] Sep 28, 2022 12:15:06 PM io.gapi.emulators.netty.HttpVersionRoutingHandler channelRead
INFO: Detected non-HTTP/2 connection.
 {"metadata":{"emulator":{"name":"firestore"},"message":"Sep 28, 2022 12:15:06 PM io.gapi.emulators.netty.HttpVersionRoutingHandler channelRead\nINFO: Detected non-HTTP/2 connection.\n"}}
[debug] [2022-09-28T22:15:06.052Z] 12:15:06.052 [NamespaceSystem-akka.actor.default-dispatcher-966] INFO com.firebase.core.namespace.NamespaceActor - link-to-the-past-a5042 successfully activated FBKV (SurveyIdle(0)) wait: 4ms, init: 0ms
 {"metadata":{"emulator":{"name":"database"},"message":"12:15:06.052 [NamespaceSystem-akka.actor.default-dispatcher-966] INFO com.firebase.core.namespace.NamespaceActor - link-to-the-past-a5042 successfully activated FBKV (SurveyIdle(0)) wait: 4ms, init: 0ms\n"}}
[debug] [2022-09-28T22:15:09.829Z] Sep 28, 2022 12:15:09 PM io.gapi.emulators.netty.HttpVersionRoutingHandler channelRead
INFO: Detected non-HTTP/2 connection.
 {"metadata":{"emulator":{"name":"firestore"},"message":"Sep 28, 2022 12:15:09 PM io.gapi.emulators.netty.HttpVersionRoutingHandler channelRead\nINFO: Detected non-HTTP/2 connection.\n"}}
[debug] [2022-09-28T22:15:11.664Z] Sep 28, 2022 12:15:11 PM io.gapi.emulators.netty.HttpVersionRoutingHandler channelRead
INFO: Detected non-HTTP/2 connection.
 {"metadata":{"emulator":{"name":"firestore"},"message":"Sep 28, 2022 12:15:11 PM io.gapi.emulators.netty.HttpVersionRoutingHandler channelRead\nINFO: Detected non-HTTP/2 connection.\n"}}
[debug] [2022-09-28T22:15:11.864Z] Sep 28, 2022 12:15:11 PM io.gapi.emulators.netty.HttpVersionRoutingHandler channelRead
INFO: Detected non-HTTP/2 connection.
 {"metadata":{"emulator":{"name":"firestore"},"message":"Sep 28, 2022 12:15:11 PM io.gapi.emulators.netty.HttpVersionRoutingHandler channelRead\nINFO: Detected non-HTTP/2 connection.\n"}}
[debug] [2022-09-28T22:15:14.486Z] Sep 28, 2022 12:15:14 PM io.gapi.emulators.netty.HttpVersionRoutingHandler channelRead
INFO: Detected non-HTTP/2 connection.
 {"metadata":{"emulator":{"name":"firestore"},"message":"Sep 28, 2022 12:15:14 PM io.gapi.emulators.netty.HttpVersionRoutingHandler channelRead\nINFO: Detected non-HTTP/2 connection.\n"}}
[debug] [2022-09-28T22:15:18.614Z] Sep 28, 2022 12:15:18 PM io.gapi.emulators.netty.HttpVersionRoutingHandler channelRead
INFO: Detected non-HTTP/2 connection.
 {"metadata":{"emulator":{"name":"firestore"},"message":"Sep 28, 2022 12:15:18 PM io.gapi.emulators.netty.HttpVersionRoutingHandler channelRead\nINFO: Detected non-HTTP/2 connection.\n"}}
[debug] [2022-09-28T22:15:20.050Z] Sep 28, 2022 12:15:20 PM io.gapi.emulators.netty.HttpVersionRoutingHandler channelRead
INFO: Detected non-HTTP/2 connection.
 {"metadata":{"emulator":{"name":"firestore"},"message":"Sep 28, 2022 12:15:20 PM io.gapi.emulators.netty.HttpVersionRoutingHandler channelRead\nINFO: Detected non-HTTP/2 connection.\n"}}
[debug] [2022-09-28T22:15:22.553Z] Sep 28, 2022 12:15:22 PM io.gapi.emulators.netty.HttpVersionRoutingHandler channelRead
INFO: Detected non-HTTP/2 connection.
 {"metadata":{"emulator":{"name":"firestore"},"message":"Sep 28, 2022 12:15:22 PM io.gapi.emulators.netty.HttpVersionRoutingHandler channelRead\nINFO: Detected non-HTTP/2 connection.\n"}}
[debug] [2022-09-28T22:15:22.582Z] Sep 28, 2022 12:15:22 PM io.gapi.emulators.netty.HttpVersionRoutingHandler channelRead
INFO: Detected non-HTTP/2 connection.
 {"metadata":{"emulator":{"name":"firestore"},"message":"Sep 28, 2022 12:15:22 PM io.gapi.emulators.netty.HttpVersionRoutingHandler channelRead\nINFO: Detected non-HTTP/2 connection.\n"}}
[debug] [2022-09-28T22:15:22.618Z] Sep 28, 2022 12:15:22 PM io.gapi.emulators.netty.HttpVersionRoutingHandler channelRead
INFO: Detected non-HTTP/2 connection.
 {"metadata":{"emulator":{"name":"firestore"},"message":"Sep 28, 2022 12:15:22 PM io.gapi.emulators.netty.HttpVersionRoutingHandler channelRead\nINFO: Detected non-HTTP/2 connection.\n"}}
[debug] [2022-09-28T22:15:23.863Z] Sep 28, 2022 12:15:23 PM io.gapi.emulators.netty.HttpVersionRoutingHandler channelRead
INFO: Detected non-HTTP/2 connection.
 {"metadata":{"emulator":{"name":"firestore"},"message":"Sep 28, 2022 12:15:23 PM io.gapi.emulators.netty.HttpVersionRoutingHandler channelRead\nINFO: Detected non-HTTP/2 connection.\n"}}
[debug] [2022-09-28T22:15:24.458Z] Sep 28, 2022 12:15:24 PM io.gapi.emulators.netty.HttpVersionRoutingHandler channelRead
INFO: Detected non-HTTP/2 connection.
 {"metadata":{"emulator":{"name":"firestore"},"message":"Sep 28, 2022 12:15:24 PM io.gapi.emulators.netty.HttpVersionRoutingHandler channelRead\nINFO: Detected non-HTTP/2 connection.\n"}}
[debug] [2022-09-28T22:15:24.661Z] Sep 28, 2022 12:15:24 PM io.gapi.emulators.netty.HttpVersionRoutingHandler channelRead
INFO: Detected non-HTTP/2 connection.
 {"metadata":{"emulator":{"name":"firestore"},"message":"Sep 28, 2022 12:15:24 PM io.gapi.emulators.netty.HttpVersionRoutingHandler channelRead\nINFO: Detected non-HTTP/2 connection.\n"}}
[debug] [2022-09-28T22:15:26.221Z] Sep 28, 2022 12:15:26 PM io.gapi.emulators.netty.HttpVersionRoutingHandler channelRead
INFO: Detected non-HTTP/2 connection.
 {"metadata":{"emulator":{"name":"firestore"},"message":"Sep 28, 2022 12:15:26 PM io.gapi.emulators.netty.HttpVersionRoutingHandler channelRead\nINFO: Detected non-HTTP/2 connection.\n"}}
[debug] [2022-09-28T22:15:26.692Z] Sep 28, 2022 12:15:26 PM io.gapi.emulators.netty.HttpVersionRoutingHandler channelRead
INFO: Detected non-HTTP/2 connection.
 {"metadata":{"emulator":{"name":"firestore"},"message":"Sep 28, 2022 12:15:26 PM io.gapi.emulators.netty.HttpVersionRoutingHandler channelRead\nINFO: Detected non-HTTP/2 connection.\n"}}
[debug] [2022-09-28T22:15:27.346Z] Sep 28, 2022 12:15:27 PM io.gapi.emulators.netty.HttpVersionRoutingHandler channelRead
INFO: Detected non-HTTP/2 connection.
 {"metadata":{"emulator":{"name":"firestore"},"message":"Sep 28, 2022 12:15:27 PM io.gapi.emulators.netty.HttpVersionRoutingHandler channelRead\nINFO: Detected non-HTTP/2 connection.\n"}}
[debug] [2022-09-28T22:15:28.721Z] Sep 28, 2022 12:15:28 PM io.gapi.emulators.netty.HttpVersionRoutingHandler channelRead
INFO: Detected non-HTTP/2 connection.
 {"metadata":{"emulator":{"name":"firestore"},"message":"Sep 28, 2022 12:15:28 PM io.gapi.emulators.netty.HttpVersionRoutingHandler channelRead\nINFO: Detected non-HTTP/2 connection.\n"}}
[debug] [2022-09-28T22:15:30.742Z] Sep 28, 2022 12:15:30 PM io.gapi.emulators.netty.HttpVersionRoutingHandler channelRead
INFO: Detected non-HTTP/2 connection.
 {"metadata":{"emulator":{"name":"firestore"},"message":"Sep 28, 2022 12:15:30 PM io.gapi.emulators.netty.HttpVersionRoutingHandler channelRead\nINFO: Detected non-HTTP/2 connection.\n"}}
[debug] [2022-09-28T22:15:32.772Z] Sep 28, 2022 12:15:32 PM io.gapi.emulators.netty.HttpVersionRoutingHandler channelRead
INFO: Detected non-HTTP/2 connection.
 {"metadata":{"emulator":{"name":"firestore"},"message":"Sep 28, 2022 12:15:32 PM io.gapi.emulators.netty.HttpVersionRoutingHandler channelRead\nINFO: Detected non-HTTP/2 connection.\n"}}
[debug] [2022-09-28T22:15:34.795Z] Sep 28, 2022 12:15:34 PM io.gapi.emulators.netty.HttpVersionRoutingHandler channelRead
INFO: Detected non-HTTP/2 connection.
 {"metadata":{"emulator":{"name":"firestore"},"message":"Sep 28, 2022 12:15:34 PM io.gapi.emulators.netty.HttpVersionRoutingHandler channelRead\nINFO: Detected non-HTTP/2 connection.\n"}}
[debug] [2022-09-28T22:15:36.814Z] Sep 28, 2022 12:15:36 PM io.gapi.emulators.netty.HttpVersionRoutingHandler channelRead
INFO: Detected non-HTTP/2 connection.
 {"metadata":{"emulator":{"name":"firestore"},"message":"Sep 28, 2022 12:15:36 PM io.gapi.emulators.netty.HttpVersionRoutingHandler channelRead\nINFO: Detected non-HTTP/2 connection.\n"}}
[debug] [2022-09-28T22:15:38.833Z] Sep 28, 2022 12:15:38 PM io.gapi.emulators.netty.HttpVersionRoutingHandler channelRead
INFO: Detected non-HTTP/2 connection.
 {"metadata":{"emulator":{"name":"firestore"},"message":"Sep 28, 2022 12:15:38 PM io.gapi.emulators.netty.HttpVersionRoutingHandler channelRead\nINFO: Detected non-HTTP/2 connection.\n"}}
[debug] [2022-09-28T22:15:40.853Z] Sep 28, 2022 12:15:40 PM io.gapi.emulators.netty.HttpVersionRoutingHandler channelRead
INFO: Detected non-HTTP/2 connection.
 {"metadata":{"emulator":{"name":"firestore"},"message":"Sep 28, 2022 12:15:40 PM io.gapi.emulators.netty.HttpVersionRoutingHandler channelRead\nINFO: Detected non-HTTP/2 connection.\n"}}
[debug] [2022-09-28T22:15:42.871Z] Sep 28, 2022 12:15:42 PM io.gapi.emulators.netty.HttpVersionRoutingHandler channelRead
INFO: Detected non-HTTP/2 connection.
 {"metadata":{"emulator":{"name":"firestore"},"message":"Sep 28, 2022 12:15:42 PM io.gapi.emulators.netty.HttpVersionRoutingHandler channelRead\nINFO: Detected non-HTTP/2 connection.\n"}}
[debug] [2022-09-28T22:15:44.889Z] Sep 28, 2022 12:15:44 PM io.gapi.emulators.netty.HttpVersionRoutingHandler channelRead
INFO: Detected non-HTTP/2 connection.
 {"metadata":{"emulator":{"name":"firestore"},"message":"Sep 28, 2022 12:15:44 PM io.gapi.emulators.netty.HttpVersionRoutingHandler channelRead\nINFO: Detected non-HTTP/2 connection.\n"}}
[debug] [2022-09-28T22:15:46.908Z] Sep 28, 2022 12:15:46 PM io.gapi.emulators.netty.HttpVersionRoutingHandler channelRead
INFO: Detected non-HTTP/2 connection.
 {"metadata":{"emulator":{"name":"firestore"},"message":"Sep 28, 2022 12:15:46 PM io.gapi.emulators.netty.HttpVersionRoutingHandler channelRead\nINFO: Detected non-HTTP/2 connection.\n"}}
[debug] [2022-09-28T22:15:48.927Z] Sep 28, 2022 12:15:48 PM io.gapi.emulators.netty.HttpVersionRoutingHandler channelRead
INFO: Detected non-HTTP/2 connection.
 {"metadata":{"emulator":{"name":"firestore"},"message":"Sep 28, 2022 12:15:48 PM io.gapi.emulators.netty.HttpVersionRoutingHandler channelRead\nINFO: Detected non-HTTP/2 connection.\n"}}
[debug] [2022-09-28T22:15:50.946Z] Sep 28, 2022 12:15:50 PM io.gapi.emulators.netty.HttpVersionRoutingHandler channelRead
INFO: Detected non-HTTP/2 connection.
 {"metadata":{"emulator":{"name":"firestore"},"message":"Sep 28, 2022 12:15:50 PM io.gapi.emulators.netty.HttpVersionRoutingHandler channelRead\nINFO: Detected non-HTTP/2 connection.\n"}}
[debug] [2022-09-28T22:15:52.965Z] Sep 28, 2022 12:15:52 PM io.gapi.emulators.netty.HttpVersionRoutingHandler channelRead
INFO: Detected non-HTTP/2 connection.
 {"metadata":{"emulator":{"name":"firestore"},"message":"Sep 28, 2022 12:15:52 PM io.gapi.emulators.netty.HttpVersionRoutingHandler channelRead\nINFO: Detected non-HTTP/2 connection.\n"}}
[debug] [2022-09-28T22:15:54.984Z] Sep 28, 2022 12:15:54 PM io.gapi.emulators.netty.HttpVersionRoutingHandler channelRead
INFO: Detected non-HTTP/2 connection.
 {"metadata":{"emulator":{"name":"firestore"},"message":"Sep 28, 2022 12:15:54 PM io.gapi.emulators.netty.HttpVersionRoutingHandler channelRead\nINFO: Detected non-HTTP/2 connection.\n"}}
[debug] [2022-09-28T22:15:57.002Z] Sep 28, 2022 12:15:57 PM io.gapi.emulators.netty.HttpVersionRoutingHandler channelRead
INFO: Detected non-HTTP/2 connection.
 {"metadata":{"emulator":{"name":"firestore"},"message":"Sep 28, 2022 12:15:57 PM io.gapi.emulators.netty.HttpVersionRoutingHandler channelRead\nINFO: Detected non-HTTP/2 connection.\n"}}
[debug] [2022-09-28T22:15:59.021Z] Sep 28, 2022 12:15:59 PM io.gapi.emulators.netty.HttpVersionRoutingHandler channelRead
INFO: Detected non-HTTP/2 connection.
 {"metadata":{"emulator":{"name":"firestore"},"message":"Sep 28, 2022 12:15:59 PM io.gapi.emulators.netty.HttpVersionRoutingHandler channelRead\nINFO: Detected non-HTTP/2 connection.\n"}}
[debug] [2022-09-28T22:16:01.040Z] Sep 28, 2022 12:16:01 PM io.gapi.emulators.netty.HttpVersionRoutingHandler channelRead
INFO: Detected non-HTTP/2 connection.
 {"metadata":{"emulator":{"name":"firestore"},"message":"Sep 28, 2022 12:16:01 PM io.gapi.emulators.netty.HttpVersionRoutingHandler channelRead\nINFO: Detected non-HTTP/2 connection.\n"}}
[debug] [2022-09-28T22:16:03.058Z] Sep 28, 2022 12:16:03 PM io.gapi.emulators.netty.HttpVersionRoutingHandler channelRead
INFO: Detected non-HTTP/2 connection.
 {"metadata":{"emulator":{"name":"firestore"},"message":"Sep 28, 2022 12:16:03 PM io.gapi.emulators.netty.HttpVersionRoutingHandler channelRead\nINFO: Detected non-HTTP/2 connection.\n"}}
[debug] [2022-09-28T22:16:05.077Z] Sep 28, 2022 12:16:05 PM io.gapi.emulators.netty.HttpVersionRoutingHandler channelRead
INFO: Detected non-HTTP/2 connection.
 {"metadata":{"emulator":{"name":"firestore"},"message":"Sep 28, 2022 12:16:05 PM io.gapi.emulators.netty.HttpVersionRoutingHandler channelRead\nINFO: Detected non-HTTP/2 connection.\n"}}
[debug] [2022-09-28T22:16:07.097Z] Sep 28, 2022 12:16:07 PM io.gapi.emulators.netty.HttpVersionRoutingHandler channelRead
INFO: Detected non-HTTP/2 connection.
 {"metadata":{"emulator":{"name":"firestore"},"message":"Sep 28, 2022 12:16:07 PM io.gapi.emulators.netty.HttpVersionRoutingHandler channelRead\nINFO: Detected non-HTTP/2 connection.\n"}}
[debug] [2022-09-28T22:16:09.115Z] Sep 28, 2022 12:16:09 PM io.gapi.emulators.netty.HttpVersionRoutingHandler channelRead
INFO: Detected non-HTTP/2 connection.
 {"metadata":{"emulator":{"name":"firestore"},"message":"Sep 28, 2022 12:16:09 PM io.gapi.emulators.netty.HttpVersionRoutingHandler channelRead\nINFO: Detected non-HTTP/2 connection.\n"}}
[debug] [2022-09-28T22:16:11.134Z] Sep 28, 2022 12:16:11 PM io.gapi.emulators.netty.HttpVersionRoutingHandler channelRead
INFO: Detected non-HTTP/2 connection.
 {"metadata":{"emulator":{"name":"firestore"},"message":"Sep 28, 2022 12:16:11 PM io.gapi.emulators.netty.HttpVersionRoutingHandler channelRead\nINFO: Detected non-HTTP/2 connection.\n"}}
[debug] [2022-09-28T22:16:13.153Z] Sep 28, 2022 12:16:13 PM io.gapi.emulators.netty.HttpVersionRoutingHandler channelRead
INFO: Detected non-HTTP/2 connection.
 {"metadata":{"emulator":{"name":"firestore"},"message":"Sep 28, 2022 12:16:13 PM io.gapi.emulators.netty.HttpVersionRoutingHandler channelRead\nINFO: Detected non-HTTP/2 connection.\n"}}
[debug] [2022-09-28T22:16:15.171Z] Sep 28, 2022 12:16:15 PM io.gapi.emulators.netty.HttpVersionRoutingHandler channelRead
INFO: Detected non-HTTP/2 connection.
 {"metadata":{"emulator":{"name":"firestore"},"message":"Sep 28, 2022 12:16:15 PM io.gapi.emulators.netty.HttpVersionRoutingHandler channelRead\nINFO: Detected non-HTTP/2 connection.\n"}}
[debug] [2022-09-28T22:16:17.189Z] Sep 28, 2022 12:16:17 PM io.gapi.emulators.netty.HttpVersionRoutingHandler channelRead
INFO: Detected non-HTTP/2 connection.
 {"metadata":{"emulator":{"name":"firestore"},"message":"Sep 28, 2022 12:16:17 PM io.gapi.emulators.netty.HttpVersionRoutingHandler channelRead\nINFO: Detected non-HTTP/2 connection.\n"}}
[debug] [2022-09-28T22:16:19.208Z] Sep 28, 2022 12:16:19 PM io.gapi.emulators.netty.HttpVersionRoutingHandler channelRead
INFO: Detected non-HTTP/2 connection.
 {"metadata":{"emulator":{"name":"firestore"},"message":"Sep 28, 2022 12:16:19 PM io.gapi.emulators.netty.HttpVersionRoutingHandler channelRead\nINFO: Detected non-HTTP/2 connection.\n"}}
[debug] [2022-09-28T22:16:21.228Z] Sep 28, 2022 12:16:21 PM io.gapi.emulators.netty.HttpVersionRoutingHandler channelRead
INFO: Detected non-HTTP/2 connection.
 {"metadata":{"emulator":{"name":"firestore"},"message":"Sep 28, 2022 12:16:21 PM io.gapi.emulators.netty.HttpVersionRoutingHandler channelRead\nINFO: Detected non-HTTP/2 connection.\n"}}
[debug] [2022-09-28T22:16:23.247Z] Sep 28, 2022 12:16:23 PM io.gapi.emulators.netty.HttpVersionRoutingHandler channelRead
INFO: Detected non-HTTP/2 connection.
 {"metadata":{"emulator":{"name":"firestore"},"message":"Sep 28, 2022 12:16:23 PM io.gapi.emulators.netty.HttpVersionRoutingHandler channelRead\nINFO: Detected non-HTTP/2 connection.\n"}}
[debug] [2022-09-28T22:16:25.266Z] Sep 28, 2022 12:16:25 PM io.gapi.emulators.netty.HttpVersionRoutingHandler channelRead
INFO: Detected non-HTTP/2 connection.
 {"metadata":{"emulator":{"name":"firestore"},"message":"Sep 28, 2022 12:16:25 PM io.gapi.emulators.netty.HttpVersionRoutingHandler channelRead\nINFO: Detected non-HTTP/2 connection.\n"}}
[debug] [2022-09-28T22:16:27.284Z] Sep 28, 2022 12:16:27 PM io.gapi.emulators.netty.HttpVersionRoutingHandler channelRead
INFO: Detected non-HTTP/2 connection.
 {"metadata":{"emulator":{"name":"firestore"},"message":"Sep 28, 2022 12:16:27 PM io.gapi.emulators.netty.HttpVersionRoutingHandler channelRead\nINFO: Detected non-HTTP/2 connection.\n"}}
[debug] [2022-09-28T22:16:29.306Z] Sep 28, 2022 12:16:29 PM io.gapi.emulators.netty.HttpVersionRoutingHandler channelRead
INFO: Detected non-HTTP/2 connection.
 {"metadata":{"emulator":{"name":"firestore"},"message":"Sep 28, 2022 12:16:29 PM io.gapi.emulators.netty.HttpVersionRoutingHandler channelRead\nINFO: Detected non-HTTP/2 connection.\n"}}
[debug] [2022-09-28T22:16:31.324Z] Sep 28, 2022 12:16:31 PM io.gapi.emulators.netty.HttpVersionRoutingHandler channelRead
INFO: Detected non-HTTP/2 connection.
 {"metadata":{"emulator":{"name":"firestore"},"message":"Sep 28, 2022 12:16:31 PM io.gapi.emulators.netty.HttpVersionRoutingHandler channelRead\nINFO: Detected non-HTTP/2 connection.\n"}}
[info] i  storage: Change detected, updating rules for Cloud Storage... {"metadata":{"emulator":{"name":"storage"},"message":"Change detected, updating rules for Cloud Storage..."}}
[warn] ⚠  Unexpected '}' in /home/pop/Documents/projects/vanillalinksite/storage.rules:9 {"metadata":{"emulator":{"name":"storage"},"message":"Unexpected '}' in /home/pop/Documents/projects/vanillalinksite/storage.rules:9"}}
[debug] [2022-09-28T22:20:40.882Z] Sep 28, 2022 12:20:40 PM io.gapi.emulators.netty.HttpVersionRoutingHandler channelRead
INFO: Detected non-HTTP/2 connection.
 {"metadata":{"emulator":{"name":"firestore"},"message":"Sep 28, 2022 12:20:40 PM io.gapi.emulators.netty.HttpVersionRoutingHandler channelRead\nINFO: Detected non-HTTP/2 connection.\n"}}
[debug] [2022-09-28T22:20:43.447Z] Sep 28, 2022 12:20:43 PM io.gapi.emulators.netty.HttpVersionRoutingHandler channelRead
INFO: Detected non-HTTP/2 connection.
 {"metadata":{"emulator":{"name":"firestore"},"message":"Sep 28, 2022 12:20:43 PM io.gapi.emulators.netty.HttpVersionRoutingHandler channelRead\nINFO: Detected non-HTTP/2 connection.\n"}}
[debug] [2022-09-28T22:20:43.460Z] Sep 28, 2022 12:20:43 PM io.gapi.emulators.netty.HttpVersionRoutingHandler channelRead
INFO: Detected non-HTTP/2 connection.
 {"metadata":{"emulator":{"name":"firestore"},"message":"Sep 28, 2022 12:20:43 PM io.gapi.emulators.netty.HttpVersionRoutingHandler channelRead\nINFO: Detected non-HTTP/2 connection.\n"}}
[debug] [2022-09-28T22:20:43.655Z] Sep 28, 2022 12:20:43 PM io.gapi.emulators.netty.HttpVersionRoutingHandler channelRead
INFO: Detected non-HTTP/2 connection.
 {"metadata":{"emulator":{"name":"firestore"},"message":"Sep 28, 2022 12:20:43 PM io.gapi.emulators.netty.HttpVersionRoutingHandler channelRead\nINFO: Detected non-HTTP/2 connection.\n"}}
[debug] [2022-09-28T22:20:45.673Z] Sep 28, 2022 12:20:45 PM io.gapi.emulators.netty.HttpVersionRoutingHandler channelRead
INFO: Detected non-HTTP/2 connection.
 {"metadata":{"emulator":{"name":"firestore"},"message":"Sep 28, 2022 12:20:45 PM io.gapi.emulators.netty.HttpVersionRoutingHandler channelRead\nINFO: Detected non-HTTP/2 connection.\n"}}
[debug] [2022-09-28T22:20:47.690Z] Sep 28, 2022 12:20:47 PM io.gapi.emulators.netty.HttpVersionRoutingHandler channelRead
INFO: Detected non-HTTP/2 connection.
 {"metadata":{"emulator":{"name":"firestore"},"message":"Sep 28, 2022 12:20:47 PM io.gapi.emulators.netty.HttpVersionRoutingHandler channelRead\nINFO: Detected non-HTTP/2 connection.\n"}}
[debug] [2022-09-28T22:20:49.708Z] Sep 28, 2022 12:20:49 PM io.gapi.emulators.netty.HttpVersionRoutingHandler channelRead
INFO: Detected non-HTTP/2 connection.
 {"metadata":{"emulator":{"name":"firestore"},"message":"Sep 28, 2022 12:20:49 PM io.gapi.emulators.netty.HttpVersionRoutingHandler channelRead\nINFO: Detected non-HTTP/2 connection.\n"}}
[info] i  storage: Change detected, updating rules for Cloud Storage... {"metadata":{"emulator":{"name":"storage"},"message":"Change detected, updating rules for Cloud Storage..."}}
[debug] [2022-09-28T22:20:51.725Z] Sep 28, 2022 12:20:51 PM io.gapi.emulators.netty.HttpVersionRoutingHandler channelRead
INFO: Detected non-HTTP/2 connection.
 {"metadata":{"emulator":{"name":"firestore"},"message":"Sep 28, 2022 12:20:51 PM io.gapi.emulators.netty.HttpVersionRoutingHandler channelRead\nINFO: Detected non-HTTP/2 connection.\n"}}
[debug] [2022-09-28T22:20:53.741Z] Sep 28, 2022 12:20:53 PM io.gapi.emulators.netty.HttpVersionRoutingHandler channelRead
INFO: Detected non-HTTP/2 connection.
 {"metadata":{"emulator":{"name":"firestore"},"message":"Sep 28, 2022 12:20:53 PM io.gapi.emulators.netty.HttpVersionRoutingHandler channelRead\nINFO: Detected non-HTTP/2 connection.\n"}}
[debug] [2022-09-28T22:20:55.759Z] Sep 28, 2022 12:20:55 PM io.gapi.emulators.netty.HttpVersionRoutingHandler channelRead
INFO: Detected non-HTTP/2 connection.
 {"metadata":{"emulator":{"name":"firestore"},"message":"Sep 28, 2022 12:20:55 PM io.gapi.emulators.netty.HttpVersionRoutingHandler channelRead\nINFO: Detected non-HTTP/2 connection.\n"}}
[debug] [2022-09-28T22:20:57.780Z] Sep 28, 2022 12:20:57 PM io.gapi.emulators.netty.HttpVersionRoutingHandler channelRead
INFO: Detected non-HTTP/2 connection.
 {"metadata":{"emulator":{"name":"firestore"},"message":"Sep 28, 2022 12:20:57 PM io.gapi.emulators.netty.HttpVersionRoutingHandler channelRead\nINFO: Detected non-HTTP/2 connection.\n"}}
[debug] [2022-09-28T22:20:59.802Z] Sep 28, 2022 12:20:59 PM io.gapi.emulators.netty.HttpVersionRoutingHandler channelRead
INFO: Detected non-HTTP/2 connection.
 {"metadata":{"emulator":{"name":"firestore"},"message":"Sep 28, 2022 12:20:59 PM io.gapi.emulators.netty.HttpVersionRoutingHandler channelRead\nINFO: Detected non-HTTP/2 connection.\n"}}
[info] i  storage: Change detected, updating rules for Cloud Storage... {"metadata":{"emulator":{"name":"storage"},"message":"Change detected, updating rules for Cloud Storage..."}}
[warn] ⚠  Unexpected '{' in /home/pop/Documents/projects/vanillalinksite/storage.rules:6 {"metadata":{"emulator":{"name":"storage"},"message":"Unexpected '{' in /home/pop/Documents/projects/vanillalinksite/storage.rules:6"}}
[warn] ⚠  Unexpected '}' in /home/pop/Documents/projects/vanillalinksite/storage.rules:13 {"metadata":{"emulator":{"name":"storage"},"message":"Unexpected '}' in /home/pop/Documents/projects/vanillalinksite/storage.rules:13"}}
[info] i  storage: Change detected, updating rules for Cloud Storage... {"metadata":{"emulator":{"name":"storage"},"message":"Change detected, updating rules for Cloud Storage..."}}
[warn] ⚠  mismatched input '{' expecting {'function', 'import', 'service'} in /home/pop/Documents/projects/vanillalinksite/storage.rules:2 {"metadata":{"emulator":{"name":"storage"},"message":"mismatched input '{' expecting {'function', 'import', 'service'} in /home/pop/Documents/projects/vanillalinksite/storage.rules:2"}}
[info] i  storage: Change detected, updating rules for Cloud Storage... {"metadata":{"emulator":{"name":"storage"},"message":"Change detected, updating rules for Cloud Storage..."}}
[warn] ⚠  Unexpected '{' in /home/pop/Documents/projects/vanillalinksite/storage.rules:7 {"metadata":{"emulator":{"name":"storage"},"message":"Unexpected '{' in /home/pop/Documents/projects/vanillalinksite/storage.rules:7"}}
[warn] ⚠  Unexpected '}' in /home/pop/Documents/projects/vanillalinksite/storage.rules:12 {"metadata":{"emulator":{"name":"storage"},"message":"Unexpected '}' in /home/pop/Documents/projects/vanillalinksite/storage.rules:12"}}
[info] i  storage: Change detected, updating rules for Cloud Storage... {"metadata":{"emulator":{"name":"storage"},"message":"Change detected, updating rules for Cloud Storage..."}}
[warn] ⚠  Unexpected '{' in /home/pop/Documents/projects/vanillalinksite/storage.rules:7 {"metadata":{"emulator":{"name":"storage"},"message":"Unexpected '{' in /home/pop/Documents/projects/vanillalinksite/storage.rules:7"}}
[warn] ⚠  Unexpected '}' in /home/pop/Documents/projects/vanillalinksite/storage.rules:12 {"metadata":{"emulator":{"name":"storage"},"message":"Unexpected '}' in /home/pop/Documents/projects/vanillalinksite/storage.rules:12"}}
[info] i  storage: Change detected, updating rules for Cloud Storage... {"metadata":{"emulator":{"name":"storage"},"message":"Change detected, updating rules for Cloud Storage..."}}
[warn] ⚠  Unexpected '"/data/ETH_ETHUSD"' in /home/pop/Documents/projects/vanillalinksite/storage.rules:7 {"metadata":{"emulator":{"name":"storage"},"message":"Unexpected '\"/data/ETH_ETHUSD\"' in /home/pop/Documents/projects/vanillalinksite/storage.rules:7"}}
[info] i  storage: Change detected, updating rules for Cloud Storage... {"metadata":{"emulator":{"name":"storage"},"message":"Change detected, updating rules for Cloud Storage..."}}
[info] i  storage: Change detected, updating rules for Cloud Storage... {"metadata":{"emulator":{"name":"storage"},"message":"Change detected, updating rules for Cloud Storage..."}}
[warn] ⚠  Unexpected '{' in /home/pop/Documents/projects/vanillalinksite/storage.rules:8 {"metadata":{"emulator":{"name":"storage"},"message":"Unexpected '{' in /home/pop/Documents/projects/vanillalinksite/storage.rules:8"}}
[warn] ⚠  Unexpected '}' in /home/pop/Documents/projects/vanillalinksite/storage.rules:14 {"metadata":{"emulator":{"name":"storage"},"message":"Unexpected '}' in /home/pop/Documents/projects/vanillalinksite/storage.rules:14"}}
[info] i  storage: Change detected, updating rules for Cloud Storage... {"metadata":{"emulator":{"name":"storage"},"message":"Change detected, updating rules for Cloud Storage..."}}
[warn] ⚠  Unexpected '"/data/ETH_ETHUSD"' in /home/pop/Documents/projects/vanillalinksite/storage.rules:10 {"metadata":{"emulator":{"name":"storage"},"message":"Unexpected '\"/data/ETH_ETHUSD\"' in /home/pop/Documents/projects/vanillalinksite/storage.rules:10"}}
[warn] ⚠  Unexpected '}' in /home/pop/Documents/projects/vanillalinksite/storage.rules:14 {"metadata":{"emulator":{"name":"storage"},"message":"Unexpected '}' in /home/pop/Documents/projects/vanillalinksite/storage.rules:14"}}
[info] i  storage: Change detected, updating rules for Cloud Storage... {"metadata":{"emulator":{"name":"storage"},"message":"Change detected, updating rules for Cloud Storage..."}}
[warn] ⚠  Unexpected '"/data/ETH_ETHUSD"' in /home/pop/Documents/projects/vanillalinksite/storage.rules:8 {"metadata":{"emulator":{"name":"storage"},"message":"Unexpected '\"/data/ETH_ETHUSD\"' in /home/pop/Documents/projects/vanillalinksite/storage.rules:8"}}
[warn] ⚠  Unexpected '}' in /home/pop/Documents/projects/vanillalinksite/storage.rules:12 {"metadata":{"emulator":{"name":"storage"},"message":"Unexpected '}' in /home/pop/Documents/projects/vanillalinksite/storage.rules:12"}}
[info] i  storage: Change detected, updating rules for Cloud Storage... {"metadata":{"emulator":{"name":"storage"},"message":"Change detected, updating rules for Cloud Storage..."}}
[warn] ⚠  Unexpected ',' in /home/pop/Documents/projects/vanillalinksite/storage.rules:7 {"metadata":{"emulator":{"name":"storage"},"message":"Unexpected ',' in /home/pop/Documents/projects/vanillalinksite/storage.rules:7"}}
[warn] ⚠  Unexpected '}' in /home/pop/Documents/projects/vanillalinksite/storage.rules:12 {"metadata":{"emulator":{"name":"storage"},"message":"Unexpected '}' in /home/pop/Documents/projects/vanillalinksite/storage.rules:12"}}
[info] i  storage: Change detected, updating rules for Cloud Storage... {"metadata":{"emulator":{"name":"storage"},"message":"Change detected, updating rules for Cloud Storage..."}}
[warn] ⚠  Unexpected '"/data/ETH_ETHUSD"' in /home/pop/Documents/projects/vanillalinksite/storage.rules:9 {"metadata":{"emulator":{"name":"storage"},"message":"Unexpected '\"/data/ETH_ETHUSD\"' in /home/pop/Documents/projects/vanillalinksite/storage.rules:9"}}
[info] i  storage: Change detected, updating rules for Cloud Storage... {"metadata":{"emulator":{"name":"storage"},"message":"Change detected, updating rules for Cloud Storage..."}}
[info] i  storage: Change detected, updating rules for Cloud Storage... {"metadata":{"emulator":{"name":"storage"},"message":"Change detected, updating rules for Cloud Storage..."}}
[warn] ⚠  Unexpected 'data' in /home/pop/Documents/projects/vanillalinksite/storage.rules:8 {"metadata":{"emulator":{"name":"storage"},"message":"Unexpected 'data' in /home/pop/Documents/projects/vanillalinksite/storage.rules:8"}}
[warn] ⚠  Missing 'match' keyword before path in /home/pop/Documents/projects/vanillalinksite/storage.rules:8 {"metadata":{"emulator":{"name":"storage"},"message":"Missing 'match' keyword before path in /home/pop/Documents/projects/vanillalinksite/storage.rules:8"}}
[warn] ⚠  mismatched input 'read' expecting {'{', '/', PATH_SEGMENT} in /home/pop/Documents/projects/vanillalinksite/storage.rules:9 {"metadata":{"emulator":{"name":"storage"},"message":"mismatched input 'read' expecting {'{', '/', PATH_SEGMENT} in /home/pop/Documents/projects/vanillalinksite/storage.rules:9"}}
[warn] ⚠  Unexpected '}' in /home/pop/Documents/projects/vanillalinksite/storage.rules:13 {"metadata":{"emulator":{"name":"storage"},"message":"Unexpected '}' in /home/pop/Documents/projects/vanillalinksite/storage.rules:13"}}
[info] i  storage: Change detected, updating rules for Cloud Storage... {"metadata":{"emulator":{"name":"storage"},"message":"Change detected, updating rules for Cloud Storage..."}}
[info] i  storage: Change detected, updating rules for Cloud Storage... {"metadata":{"emulator":{"name":"storage"},"message":"Change detected, updating rules for Cloud Storage..."}}
[warn] ⚠  Unexpected ',' in /home/pop/Documents/projects/vanillalinksite/storage.rules:7 {"metadata":{"emulator":{"name":"storage"},"message":"Unexpected ',' in /home/pop/Documents/projects/vanillalinksite/storage.rules:7"}}
[warn] ⚠  Unexpected '}' in /home/pop/Documents/projects/vanillalinksite/storage.rules:13 {"metadata":{"emulator":{"name":"storage"},"message":"Unexpected '}' in /home/pop/Documents/projects/vanillalinksite/storage.rules:13"}}
[info] i  storage: Change detected, updating rules for Cloud Storage... {"metadata":{"emulator":{"name":"storage"},"message":"Change detected, updating rules for Cloud Storage..."}}
[warn] ⚠  Unexpected ',' in /home/pop/Documents/projects/vanillalinksite/storage.rules:7 {"metadata":{"emulator":{"name":"storage"},"message":"Unexpected ',' in /home/pop/Documents/projects/vanillalinksite/storage.rules:7"}}
[warn] ⚠  Unexpected '}' in /home/pop/Documents/projects/vanillalinksite/storage.rules:12 {"metadata":{"emulator":{"name":"storage"},"message":"Unexpected '}' in /home/pop/Documents/projects/vanillalinksite/storage.rules:12"}}
[info] i  storage: Change detected, updating rules for Cloud Storage... {"metadata":{"emulator":{"name":"storage"},"message":"Change detected, updating rules for Cloud Storage..."}}
[warn] ⚠  Unexpected ',' in /home/pop/Documents/projects/vanillalinksite/storage.rules:7 {"metadata":{"emulator":{"name":"storage"},"message":"Unexpected ',' in /home/pop/Documents/projects/vanillalinksite/storage.rules:7"}}
[warn] ⚠  Unexpected '}' in /home/pop/Documents/projects/vanillalinksite/storage.rules:11 {"metadata":{"emulator":{"name":"storage"},"message":"Unexpected '}' in /home/pop/Documents/projects/vanillalinksite/storage.rules:11"}}
[info] i  storage: Change detected, updating rules for Cloud Storage... {"metadata":{"emulator":{"name":"storage"},"message":"Change detected, updating rules for Cloud Storage..."}}
[warn] ⚠  Unexpected ',' in /home/pop/Documents/projects/vanillalinksite/storage.rules:8 {"metadata":{"emulator":{"name":"storage"},"message":"Unexpected ',' in /home/pop/Documents/projects/vanillalinksite/storage.rules:8"}}
[warn] ⚠  Unexpected '}' in /home/pop/Documents/projects/vanillalinksite/storage.rules:12 {"metadata":{"emulator":{"name":"storage"},"message":"Unexpected '}' in /home/pop/Documents/projects/vanillalinksite/storage.rules:12"}}
[info] i  storage: Change detected, updating rules for Cloud Storage... {"metadata":{"emulator":{"name":"storage"},"message":"Change detected, updating rules for Cloud Storage..."}}
[warn] ⚠  Unexpected ',' in /home/pop/Documents/projects/vanillalinksite/storage.rules:9 {"metadata":{"emulator":{"name":"storage"},"message":"Unexpected ',' in /home/pop/Documents/projects/vanillalinksite/storage.rules:9"}}
[warn] ⚠  Unexpected '}' in /home/pop/Documents/projects/vanillalinksite/storage.rules:13 {"metadata":{"emulator":{"name":"storage"},"message":"Unexpected '}' in /home/pop/Documents/projects/vanillalinksite/storage.rules:13"}}
[info] i  storage: Change detected, updating rules for Cloud Storage... {"metadata":{"emulator":{"name":"storage"},"message":"Change detected, updating rules for Cloud Storage..."}}
[warn] ⚠  Unexpected '}' in /home/pop/Documents/projects/vanillalinksite/storage.rules:11 {"metadata":{"emulator":{"name":"storage"},"message":"Unexpected '}' in /home/pop/Documents/projects/vanillalinksite/storage.rules:11"}}
[info] i  storage: Change detected, updating rules for Cloud Storage... {"metadata":{"emulator":{"name":"storage"},"message":"Change detected, updating rules for Cloud Storage..."}}
[warn] ⚠  Unexpected '"/data/ETH_ETHUSD"' in /home/pop/Documents/projects/vanillalinksite/storage.rules:11 {"metadata":{"emulator":{"name":"storage"},"message":"Unexpected '\"/data/ETH_ETHUSD\"' in /home/pop/Documents/projects/vanillalinksite/storage.rules:11"}}
[info] i  storage: Change detected, updating rules for Cloud Storage... {"metadata":{"emulator":{"name":"storage"},"message":"Change detected, updating rules for Cloud Storage..."}}
[warn] ⚠  Unexpected '{' in /home/pop/Documents/projects/vanillalinksite/storage.rules:11 {"metadata":{"emulator":{"name":"storage"},"message":"Unexpected '{' in /home/pop/Documents/projects/vanillalinksite/storage.rules:11"}}
[info] i  storage: Change detected, updating rules for Cloud Storage... {"metadata":{"emulator":{"name":"storage"},"message":"Change detected, updating rules for Cloud Storage..."}}
[warn] ⚠  Unexpected '{' in /home/pop/Documents/projects/vanillalinksite/storage.rules:11 {"metadata":{"emulator":{"name":"storage"},"message":"Unexpected '{' in /home/pop/Documents/projects/vanillalinksite/storage.rules:11"}}
[info] i  storage: Change detected, updating rules for Cloud Storage... {"metadata":{"emulator":{"name":"storage"},"message":"Change detected, updating rules for Cloud Storage..."}}
[warn] ⚠  Unexpected 'rules' in /home/pop/Documents/projects/vanillalinksite/storage.rules:11 {"metadata":{"emulator":{"name":"storage"},"message":"Unexpected 'rules' in /home/pop/Documents/projects/vanillalinksite/storage.rules:11"}}
[info] i  storage: Change detected, updating rules for Cloud Storage... {"metadata":{"emulator":{"name":"storage"},"message":"Change detected, updating rules for Cloud Storage..."}}
[warn] ⚠  Unexpected '{' in /home/pop/Documents/projects/vanillalinksite/storage.rules:7 {"metadata":{"emulator":{"name":"storage"},"message":"Unexpected '{' in /home/pop/Documents/projects/vanillalinksite/storage.rules:7"}}
[warn] ⚠  Unexpected '}' in /home/pop/Documents/projects/vanillalinksite/storage.rules:14 {"metadata":{"emulator":{"name":"storage"},"message":"Unexpected '}' in /home/pop/Documents/projects/vanillalinksite/storage.rules:14"}}
[info] i  storage: Change detected, updating rules for Cloud Storage... {"metadata":{"emulator":{"name":"storage"},"message":"Change detected, updating rules for Cloud Storage..."}}
[warn] ⚠  Unexpected '"/data/ETH_ETHUSD"' in /home/pop/Documents/projects/vanillalinksite/storage.rules:7 {"metadata":{"emulator":{"name":"storage"},"message":"Unexpected '\"/data/ETH_ETHUSD\"' in /home/pop/Documents/projects/vanillalinksite/storage.rules:7"}}
[warn] ⚠  Unexpected '}' in /home/pop/Documents/projects/vanillalinksite/storage.rules:14 {"metadata":{"emulator":{"name":"storage"},"message":"Unexpected '}' in /home/pop/Documents/projects/vanillalinksite/storage.rules:14"}}
[info] i  storage: Change detected, updating rules for Cloud Storage... {"metadata":{"emulator":{"name":"storage"},"message":"Change detected, updating rules for Cloud Storage..."}}
[warn] ⚠  Unexpected '"/data/ETH_ETHUSD"' in /home/pop/Documents/projects/vanillalinksite/storage.rules:7 {"metadata":{"emulator":{"name":"storage"},"message":"Unexpected '\"/data/ETH_ETHUSD\"' in /home/pop/Documents/projects/vanillalinksite/storage.rules:7"}}
[info] i  storage: Change detected, updating rules for Cloud Storage... {"metadata":{"emulator":{"name":"storage"},"message":"Change detected, updating rules for Cloud Storage..."}}
[warn] ⚠  Unexpected '<EOF>' in /home/pop/Documents/projects/vanillalinksite/storage.rules:12 {"metadata":{"emulator":{"name":"storage"},"message":"Unexpected '<EOF>' in /home/pop/Documents/projects/vanillalinksite/storage.rules:12"}}
[warn] ⚠  missing '}' at '<EOF>' in /home/pop/Documents/projects/vanillalinksite/storage.rules:12 {"metadata":{"emulator":{"name":"storage"},"message":"missing '}' at '<EOF>' in /home/pop/Documents/projects/vanillalinksite/storage.rules:12"}}
[info] i  storage: Change detected, updating rules for Cloud Storage... {"metadata":{"emulator":{"name":"storage"},"message":"Change detected, updating rules for Cloud Storage..."}}
